| 环境名称     | ip                           | 用户名       | 密码            | 备注   |
| ------------ | ---------------------------- | ------------ | --------------- | ------ |
| 龙游测试环境 | 172.16.8.58                  | root         | Pinming9158     |        |
| 滨江测试环境 | 172.16.9.64                  | root         | Pinming1024     |        |
| 数据库       | 172.16.9.65                  | root         | Pinming1024     |        |
| 滨江生产环境 | https://115.227.36.68:10443/ | pm_zhuhaibin | PinMing9158@!~3 | 堡垒机 |
| 滨江生产环境 |                              | root         | HHTZ@bjcsdn#vPC |        |

